Starting backup...
Dumping database db_labojt...
Determining files to backup...
Zipping 1335 files and directories...
Created zip containing 1335 files and directories. Size is 46.93 MB
Copying zip to disk named local...
Successfully copied zip to disk named local.
Sending notification failed
Backup completed!
Starting backup...
Dumping database db_labojt...
Determining files to backup...
Zipping 1335 files and directories...
Created zip containing 1335 files and directories. Size is 46.93 MB
Copying zip to disk named local...
Successfully copied zip to disk named local.
Sending notification failed
Backup completed!
Starting backup...
Dumping database db_labojt...
Determining files to backup...
Zipping 1335 files and directories...
Created zip containing 1335 files and directories. Size is 46.93 MB
Copying zip to disk named local...
Successfully copied zip to disk named local.
Sending notification failed
Backup completed!
Starting backup...
Dumping database db_labojt...
Determining files to backup...
Zipping 1335 files and directories...
Created zip containing 1335 files and directories. Size is 46.93 MB
Copying zip to disk named local...
Successfully copied zip to disk named local.
Sending notification failed
Backup completed!
